<?xml version="1.0" encoding="UTF-8"?>
<testsuite name="Cucumber" time="66.648" tests="5" skipped="0" failures="0" errors="0">
<testcase classname="Amazon Project Document" name="userid test" time="27.645">
<system-out><![CDATA[
Given I open browser "chrome" with url "https://www.amazon.in/".............passed
And i click signin button...................................................passed
When I enter userid "paragguide@yahoo.co.in"................................passed
And click continue button...................................................passed
Then I validate the userid..................................................passed
]]></system-out>
</testcase>
<testcase classname="Amazon Project Document" name="password test" time="23.514">
<system-out><![CDATA[
Given userid is valid.......................................................passed
When i enter password "RMinfotech"..........................................passed
And click submit button.....................................................passed
Then i should login.........................................................passed
]]></system-out>
</testcase>
<testcase classname="Amazon Project Document" name="Search for product - Example #1.1" time="5.23">
<system-out><![CDATA[
Given i connect "chrome" and enter url "https://www.amazon.in/".............passed
When i search for product shirt with range 2000.............................passed
Then results must come......................................................passed
]]></system-out>
</testcase>
<testcase classname="Amazon Project Document" name="Search for product - Example #1.2" time="4.42">
<system-out><![CDATA[
Given i connect "chrome" and enter url "https://www.amazon.in/".............passed
When i search for product pant with range 5000..............................passed
Then results must come......................................................passed
]]></system-out>
</testcase>
<testcase classname="Amazon Project Document" name="Search for product - Example #1.3" time="5.445">
<system-out><![CDATA[
Given i connect "chrome" and enter url "https://www.amazon.in/".............passed
When i search for product tie with range 1000...............................passed
Then results must come......................................................passed
]]></system-out>
</testcase>
</testsuite>
